-------------------------------------------------------------------------------
Test set: edu.ucr.cs.nle020.lucenesearcher.LuceneSearcherApplicationTests
-------------------------------------------------------------------------------
Tests run: 1, Failures: 0, Errors: 1, Skipped: 0, Time elapsed: 2.958 s <<< FAILURE! - in edu.ucr.cs.nle020.lucenesearcher.LuceneSearcherApplicationTests
contextLoads(edu.ucr.cs.nle020.lucenesearcher.LuceneSearcherApplicationTests)  Time elapsed: 0.027 s  <<< ERROR!
java.lang.IllegalStateException: Failed to load ApplicationContext
Caused by: org.springframework.beans.factory.BeanCreationException: 
Error creating bean with name 'articleController' defined in file [/home/jake/Downloads/search-webapp/lucene-searcher/target/classes/edu/ucr/cs/nle020/lucenesearcher/ArticleController.class]: Instantiation of bean failed; nested exception is org.springframework.beans.BeanInstantiationException: Failed to instantiate [edu.ucr.cs.nle020.lucenesearcher.ArticleController]: Constructor threw exception; nested exception is java.lang.Error: Unresolved compilation problems: 
	Unhandled exception type IOException
	Unhandled exception type ParseException
	goat cannot be resolved

Caused by: org.springframework.beans.BeanInstantiationException: 
Failed to instantiate [edu.ucr.cs.nle020.lucenesearcher.ArticleController]: Constructor threw exception; nested exception is java.lang.Error: Unresolved compilation problems: 
	Unhandled exception type IOException
	Unhandled exception type ParseException
	goat cannot be resolved

Caused by: java.lang.Error: 
Unresolved compilation problems: 
	Unhandled exception type IOException
	Unhandled exception type ParseException
	goat cannot be resolved


